<?xml version="1.0" encoding="UTF-8"?>
<!-- Generated by org.testng.reporters.JUnitXMLReporter -->
<testsuite ignored="0" hostname="LTIN486844" failures="0" tests="5" name="Test3" time="45.444" errors="0" timestamp="2024-03-25T16:59:59 IST">
  <testcase classname="testCases.TC_003_SecondNewsTest" name="verify_newsContent" time="12.295"/>
  <testcase classname="testCases.TC_003_SecondNewsTest" name="verify_associateDetailsTest" time="6.308"/>
  <testcase classname="testCases.TC_003_SecondNewsTest" name="verify_hyperlinkDisplay" time="0.026"/>
  <testcase classname="testCases.TC_003_SecondNewsTest" name="shareOptionTest" time="0.135"/>
  <testcase classname="testCases.TC_003_SecondNewsTest" name="verify_likeViewsDisplay" time="4.803"/>
</testsuite> <!-- Test3 -->
