<?xml version="1.0" encoding="UTF-8"?>
<!-- Generated by org.testng.reporters.JUnitXMLReporter -->
<testsuite ignored="0" hostname="LTIN486844" failures="0" tests="5" name="Test5" time="67.345" errors="0" timestamp="2024-03-25T17:00:21 IST">
  <testcase classname="testCases.TC_005_FourthNewsTest" name="verify_newsContent" time="12.269"/>
  <testcase classname="testCases.TC_005_FourthNewsTest" name="verify_associateDetailsTest" time="6.345"/>
  <testcase classname="testCases.TC_005_FourthNewsTest" name="verify_hyperlinkDisplay" time="0.022"/>
  <testcase classname="testCases.TC_005_FourthNewsTest" name="shareOptionTest" time="0.113"/>
  <testcase classname="testCases.TC_005_FourthNewsTest" name="verify_likeViewsDisplay" time="1.215"/>
</testsuite> <!-- Test5 -->
