<?xml version="1.0" encoding="UTF-8"?>
<!-- Generated by org.testng.reporters.JUnitXMLReporter -->
<testsuite ignored="0" hostname="LTIN487040" failures="0" tests="23" name="Test2" time="176.631" errors="0" timestamp="2024-04-02T13:41:53 IST">
  <testcase classname="testCases.TC_001_HomepageNewsTest" name="verify_userDetails" time="16.37"/>
  <testcase classname="testCases.TC_001_HomepageNewsTest" name="verify_newsDisplay" time="0.048"/>
  <testcase classname="testCases.TC_001_HomepageNewsTest" name="verify_tooltipTest" time="0.269"/>
  <testcase classname="testCases.TC_002_FirstNewsTest" name="verify_newsContent" time="15.376"/>
  <testcase classname="testCases.TC_002_FirstNewsTest" name="verify_associateDetailsTest" time="6.367"/>
  <testcase classname="testCases.TC_002_FirstNewsTest" name="verify_hyperlinkDisplay" time="0.016"/>
  <testcase classname="testCases.TC_002_FirstNewsTest" name="shareOptionTest" time="0.228"/>
  <testcase classname="testCases.TC_002_FirstNewsTest" name="verify_likeViewsDisplay" time="1.398"/>
  <testcase classname="testCases.TC_003_SecondNewsTest" name="verify_newsContent" time="14.233"/>
  <testcase classname="testCases.TC_003_SecondNewsTest" name="verify_associateDetailsTest" time="8.332"/>
  <testcase classname="testCases.TC_003_SecondNewsTest" name="verify_hyperlinkDisplay" time="0.034"/>
  <testcase classname="testCases.TC_003_SecondNewsTest" name="shareOptionTest" time="0.182"/>
  <testcase classname="testCases.TC_003_SecondNewsTest" name="verify_likeViewsDisplay" time="1.002"/>
  <testcase classname="testCases.TC_004_ThirdNewsTest" name="verify_newsContent" time="14.347"/>
  <testcase classname="testCases.TC_004_ThirdNewsTest" name="verify_associateDetailsTest" time="6.395"/>
  <testcase classname="testCases.TC_004_ThirdNewsTest" name="verify_hyperlinkDisplay" time="0.053"/>
  <testcase classname="testCases.TC_004_ThirdNewsTest" name="shareOptionTest" time="0.426"/>
  <testcase classname="testCases.TC_004_ThirdNewsTest" name="verify_likeViewsDisplay" time="1.222"/>
  <testcase classname="testCases.TC_005_FourthNewsTest" name="verify_newsContent" time="14.46"/>
  <testcase classname="testCases.TC_005_FourthNewsTest" name="verify_associateDetailsTest" time="6.32"/>
  <testcase classname="testCases.TC_005_FourthNewsTest" name="verify_hyperlinkDisplay" time="0.028"/>
  <testcase classname="testCases.TC_005_FourthNewsTest" name="shareOptionTest" time="0.213"/>
  <testcase classname="testCases.TC_005_FourthNewsTest" name="verify_likeViewsDisplay" time="1.431"/>
</testsuite> <!-- Test2 -->
