<?xml version="1.0" encoding="UTF-8"?>
<!-- Generated by org.testng.reporters.JUnitXMLReporter -->
<testsuite ignored="0" hostname="LTIN486844" failures="0" tests="5" name="Test4" time="53.457" errors="0" timestamp="2024-03-25T17:00:07 IST">
  <testcase classname="testCases.TC_004_ThirdNewsTest" name="verify_newsContent" time="12.193"/>
  <testcase classname="testCases.TC_004_ThirdNewsTest" name="verify_associateDetailsTest" time="6.298"/>
  <testcase classname="testCases.TC_004_ThirdNewsTest" name="verify_hyperlinkDisplay" time="0.024"/>
  <testcase classname="testCases.TC_004_ThirdNewsTest" name="shareOptionTest" time="0.13"/>
  <testcase classname="testCases.TC_004_ThirdNewsTest" name="verify_likeViewsDisplay" time="2.785"/>
</testsuite> <!-- Test4 -->
