<?xml version="1.0" encoding="UTF-8"?>
<!-- Generated by org.testng.reporters.JUnitXMLReporter -->
<testsuite ignored="0" hostname="LTIN487040" failures="0" tests="23" name="Test1" time="172.824" errors="0" timestamp="2024-04-02T13:38:57 IST">
  <testcase classname="testCases.TC_001_HomepageNewsTest" name="verify_userDetails" time="16.556"/>
  <testcase classname="testCases.TC_001_HomepageNewsTest" name="verify_newsDisplay" time="0.057"/>
  <testcase classname="testCases.TC_001_HomepageNewsTest" name="verify_tooltipTest" time="0.23"/>
  <testcase classname="testCases.TC_002_FirstNewsTest" name="verify_newsContent" time="14.372"/>
  <testcase classname="testCases.TC_002_FirstNewsTest" name="verify_associateDetailsTest" time="6.333"/>
  <testcase classname="testCases.TC_002_FirstNewsTest" name="verify_hyperlinkDisplay" time="0.021"/>
  <testcase classname="testCases.TC_002_FirstNewsTest" name="shareOptionTest" time="0.212"/>
  <testcase classname="testCases.TC_002_FirstNewsTest" name="verify_likeViewsDisplay" time="2.693"/>
  <testcase classname="testCases.TC_003_SecondNewsTest" name="verify_newsContent" time="14.283"/>
  <testcase classname="testCases.TC_003_SecondNewsTest" name="verify_associateDetailsTest" time="8.349"/>
  <testcase classname="testCases.TC_003_SecondNewsTest" name="verify_hyperlinkDisplay" time="0.043"/>
  <testcase classname="testCases.TC_003_SecondNewsTest" name="shareOptionTest" time="0.287"/>
  <testcase classname="testCases.TC_003_SecondNewsTest" name="verify_likeViewsDisplay" time="1.213"/>
  <testcase classname="testCases.TC_004_ThirdNewsTest" name="verify_newsContent" time="14.363"/>
  <testcase classname="testCases.TC_004_ThirdNewsTest" name="verify_associateDetailsTest" time="6.347"/>
  <testcase classname="testCases.TC_004_ThirdNewsTest" name="verify_hyperlinkDisplay" time="0.029"/>
  <testcase classname="testCases.TC_004_ThirdNewsTest" name="shareOptionTest" time="0.197"/>
  <testcase classname="testCases.TC_004_ThirdNewsTest" name="verify_likeViewsDisplay" time="1.095"/>
  <testcase classname="testCases.TC_005_FourthNewsTest" name="verify_newsContent" time="14.523"/>
  <testcase classname="testCases.TC_005_FourthNewsTest" name="verify_associateDetailsTest" time="6.345"/>
  <testcase classname="testCases.TC_005_FourthNewsTest" name="verify_hyperlinkDisplay" time="0.037"/>
  <testcase classname="testCases.TC_005_FourthNewsTest" name="shareOptionTest" time="0.208"/>
  <testcase classname="testCases.TC_005_FourthNewsTest" name="verify_likeViewsDisplay" time="1.024"/>
</testsuite> <!-- Test1 -->
