<?xml version="1.0" encoding="UTF-8"?>
<testng-results ignored="0" total="46" passed="46" failed="0" skipped="0">
  <reporter-output>
  </reporter-output>
  <suite started-at="2024-04-02T13:36:04 IST" name="Suite" finished-at="2024-04-02T13:41:53 IST" duration-ms="349863">
    <groups>
    </groups>
    <test started-at="2024-04-02T13:36:04 IST" name="Test1" finished-at="2024-04-02T13:38:56 IST" duration-ms="172824">
      <class name="testCases.TC_003_SecondNewsTest">
        <test-method is-config="true" signature="setUp(java.lang.String)[pri:0, instance:testCases.TC_003_SecondNewsTest@5b218417]" started-at="2024-04-02T13:37:14 IST" name="setUp" finished-at="2024-04-02T13:37:21 IST" duration-ms="6851" status="PASS">
          <params>
            <param index="0">
              <value>
                <![CDATA[chrome]]>
              </value>
            </param>
          </params>
          <reporter-output>
          </reporter-output>
        </test-method> <!-- setUp -->
        <test-method signature="verify_newsContent()[pri:1, instance:testCases.TC_003_SecondNewsTest@5b218417]" started-at="2024-04-02T13:37:21 IST" name="verify_newsContent" finished-at="2024-04-02T13:37:35 IST" duration-ms="14283" status="PASS">
          <reporter-output>
          </reporter-output>
        </test-method> <!-- verify_newsContent -->
        <test-method signature="verify_associateDetailsTest()[pri:2, instance:testCases.TC_003_SecondNewsTest@5b218417]" started-at="2024-04-02T13:37:35 IST" name="verify_associateDetailsTest" finished-at="2024-04-02T13:37:43 IST" duration-ms="8349" status="PASS">
          <reporter-output>
          </reporter-output>
        </test-method> <!-- verify_associateDetailsTest -->
        <test-method signature="verify_hyperlinkDisplay()[pri:3, instance:testCases.TC_003_SecondNewsTest@5b218417]" started-at="2024-04-02T13:37:43 IST" name="verify_hyperlinkDisplay" finished-at="2024-04-02T13:37:43 IST" duration-ms="43" status="PASS">
          <reporter-output>
          </reporter-output>
        </test-method> <!-- verify_hyperlinkDisplay -->
        <test-method signature="shareOptionTest()[pri:4, instance:testCases.TC_003_SecondNewsTest@5b218417]" started-at="2024-04-02T13:37:43 IST" name="shareOptionTest" finished-at="2024-04-02T13:37:44 IST" duration-ms="287" status="PASS">
          <reporter-output>
          </reporter-output>
        </test-method> <!-- shareOptionTest -->
        <test-method signature="verify_likeViewsDisplay()[pri:6, instance:testCases.TC_003_SecondNewsTest@5b218417]" started-at="2024-04-02T13:37:44 IST" name="verify_likeViewsDisplay" finished-at="2024-04-02T13:37:45 IST" duration-ms="1213" status="PASS">
          <reporter-output>
          </reporter-output>
        </test-method> <!-- verify_likeViewsDisplay -->
        <test-method is-config="true" signature="tearDown()[pri:0, instance:testCases.TC_003_SecondNewsTest@5b218417]" started-at="2024-04-02T13:37:45 IST" name="tearDown" finished-at="2024-04-02T13:37:48 IST" duration-ms="2620" status="PASS">
          <reporter-output>
          </reporter-output>
        </test-method> <!-- tearDown -->
      </class> <!-- testCases.TC_003_SecondNewsTest -->
      <class name="testCases.TC_005_FourthNewsTest">
        <test-method is-config="true" signature="setUp(java.lang.String)[pri:0, instance:testCases.TC_005_FourthNewsTest@6caf0677]" started-at="2024-04-02T13:38:24 IST" name="setUp" finished-at="2024-04-02T13:38:32 IST" duration-ms="7395" status="PASS">
          <params>
            <param index="0">
              <value>
                <![CDATA[chrome]]>
              </value>
            </param>
          </params>
          <reporter-output>
          </reporter-output>
        </test-method> <!-- setUp -->
        <test-method signature="verify_newsContent()[pri:1, instance:testCases.TC_005_FourthNewsTest@6caf0677]" started-at="2024-04-02T13:38:32 IST" name="verify_newsContent" finished-at="2024-04-02T13:38:46 IST" duration-ms="14523" status="PASS">
          <reporter-output>
          </reporter-output>
        </test-method> <!-- verify_newsContent -->
        <test-method signature="verify_associateDetailsTest()[pri:2, instance:testCases.TC_005_FourthNewsTest@6caf0677]" started-at="2024-04-02T13:38:46 IST" name="verify_associateDetailsTest" finished-at="2024-04-02T13:38:52 IST" duration-ms="6345" status="PASS">
          <reporter-output>
          </reporter-output>
        </test-method> <!-- verify_associateDetailsTest -->
        <test-method signature="verify_hyperlinkDisplay()[pri:3, instance:testCases.TC_005_FourthNewsTest@6caf0677]" started-at="2024-04-02T13:38:52 IST" name="verify_hyperlinkDisplay" finished-at="2024-04-02T13:38:52 IST" duration-ms="37" status="PASS">
          <reporter-output>
          </reporter-output>
        </test-method> <!-- verify_hyperlinkDisplay -->
        <test-method signature="shareOptionTest()[pri:4, instance:testCases.TC_005_FourthNewsTest@6caf0677]" started-at="2024-04-02T13:38:52 IST" name="shareOptionTest" finished-at="2024-04-02T13:38:53 IST" duration-ms="208" status="PASS">
          <reporter-output>
          </reporter-output>
        </test-method> <!-- shareOptionTest -->
        <test-method signature="verify_likeViewsDisplay()[pri:6, instance:testCases.TC_005_FourthNewsTest@6caf0677]" started-at="2024-04-02T13:38:53 IST" name="verify_likeViewsDisplay" finished-at="2024-04-02T13:38:54 IST" duration-ms="1024" status="PASS">
          <reporter-output>
          </reporter-output>
        </test-method> <!-- verify_likeViewsDisplay -->
        <test-method is-config="true" signature="tearDown()[pri:0, instance:testCases.TC_005_FourthNewsTest@6caf0677]" started-at="2024-04-02T13:38:54 IST" name="tearDown" finished-at="2024-04-02T13:38:56 IST" duration-ms="2653" status="PASS">
          <reporter-output>
          </reporter-output>
        </test-method> <!-- tearDown -->
      </class> <!-- testCases.TC_005_FourthNewsTest -->
      <class name="testCases.TC_001_HomepageNewsTest">
        <test-method is-config="true" signature="setUp(java.lang.String)[pri:0, instance:testCases.TC_001_HomepageNewsTest@909217e]" started-at="2024-04-02T13:36:04 IST" name="setUp" finished-at="2024-04-02T13:36:13 IST" duration-ms="8799" status="PASS">
          <params>
            <param index="0">
              <value>
                <![CDATA[chrome]]>
              </value>
            </param>
          </params>
          <reporter-output>
          </reporter-output>
        </test-method> <!-- setUp -->
        <test-method signature="verify_userDetails()[pri:1, instance:testCases.TC_001_HomepageNewsTest@909217e]" started-at="2024-04-02T13:36:13 IST" name="verify_userDetails" finished-at="2024-04-02T13:36:29 IST" duration-ms="16556" status="PASS">
          <reporter-output>
          </reporter-output>
        </test-method> <!-- verify_userDetails -->
        <test-method signature="verify_newsDisplay()[pri:2, instance:testCases.TC_001_HomepageNewsTest@909217e]" started-at="2024-04-02T13:36:29 IST" name="verify_newsDisplay" finished-at="2024-04-02T13:36:29 IST" duration-ms="57" status="PASS">
          <reporter-output>
          </reporter-output>
        </test-method> <!-- verify_newsDisplay -->
        <test-method signature="verify_tooltipTest()[pri:3, instance:testCases.TC_001_HomepageNewsTest@909217e]" started-at="2024-04-02T13:36:29 IST" name="verify_tooltipTest" finished-at="2024-04-02T13:36:30 IST" duration-ms="230" status="PASS">
          <reporter-output>
          </reporter-output>
        </test-method> <!-- verify_tooltipTest -->
        <test-method is-config="true" signature="tearDown()[pri:0, instance:testCases.TC_001_HomepageNewsTest@909217e]" started-at="2024-04-02T13:36:30 IST" name="tearDown" finished-at="2024-04-02T13:36:32 IST" duration-ms="2471" status="PASS">
          <reporter-output>
          </reporter-output>
        </test-method> <!-- tearDown -->
      </class> <!-- testCases.TC_001_HomepageNewsTest -->
      <class name="testCases.TC_002_FirstNewsTest">
        <test-method is-config="true" signature="setUp(java.lang.String)[pri:0, instance:testCases.TC_002_FirstNewsTest@cc43f62]" started-at="2024-04-02T13:36:32 IST" name="setUp" finished-at="2024-04-02T13:36:47 IST" duration-ms="15316" status="PASS">
          <params>
            <param index="0">
              <value>
                <![CDATA[chrome]]>
              </value>
            </param>
          </params>
          <reporter-output>
          </reporter-output>
        </test-method> <!-- setUp -->
        <test-method signature="verify_newsContent()[pri:1, instance:testCases.TC_002_FirstNewsTest@cc43f62]" started-at="2024-04-02T13:36:47 IST" name="verify_newsContent" finished-at="2024-04-02T13:37:02 IST" duration-ms="14372" status="PASS">
          <reporter-output>
          </reporter-output>
        </test-method> <!-- verify_newsContent -->
        <test-method signature="verify_associateDetailsTest()[pri:2, instance:testCases.TC_002_FirstNewsTest@cc43f62]" started-at="2024-04-02T13:37:02 IST" name="verify_associateDetailsTest" finished-at="2024-04-02T13:37:08 IST" duration-ms="6333" status="PASS">
          <reporter-output>
          </reporter-output>
        </test-method> <!-- verify_associateDetailsTest -->
        <test-method signature="verify_hyperlinkDisplay()[pri:3, instance:testCases.TC_002_FirstNewsTest@cc43f62]" started-at="2024-04-02T13:37:08 IST" name="verify_hyperlinkDisplay" finished-at="2024-04-02T13:37:08 IST" duration-ms="21" status="PASS">
          <reporter-output>
          </reporter-output>
        </test-method> <!-- verify_hyperlinkDisplay -->
        <test-method signature="shareOptionTest()[pri:4, instance:testCases.TC_002_FirstNewsTest@cc43f62]" started-at="2024-04-02T13:37:08 IST" name="shareOptionTest" finished-at="2024-04-02T13:37:08 IST" duration-ms="212" status="PASS">
          <reporter-output>
          </reporter-output>
        </test-method> <!-- shareOptionTest -->
        <test-method signature="verify_likeViewsDisplay()[pri:5, instance:testCases.TC_002_FirstNewsTest@cc43f62]" started-at="2024-04-02T13:37:08 IST" name="verify_likeViewsDisplay" finished-at="2024-04-02T13:37:11 IST" duration-ms="2693" status="PASS">
          <reporter-output>
          </reporter-output>
        </test-method> <!-- verify_likeViewsDisplay -->
        <test-method is-config="true" signature="tearDown()[pri:0, instance:testCases.TC_002_FirstNewsTest@cc43f62]" started-at="2024-04-02T13:37:11 IST" name="tearDown" finished-at="2024-04-02T13:37:14 IST" duration-ms="2855" status="PASS">
          <reporter-output>
          </reporter-output>
        </test-method> <!-- tearDown -->
      </class> <!-- testCases.TC_002_FirstNewsTest -->
      <class name="testCases.TC_004_ThirdNewsTest">
        <test-method is-config="true" signature="setUp(java.lang.String)[pri:0, instance:testCases.TC_004_ThirdNewsTest@645aa696]" started-at="2024-04-02T13:37:48 IST" name="setUp" finished-at="2024-04-02T13:37:59 IST" duration-ms="11376" status="PASS">
          <params>
            <param index="0">
              <value>
                <![CDATA[chrome]]>
              </value>
            </param>
          </params>
          <reporter-output>
          </reporter-output>
        </test-method> <!-- setUp -->
        <test-method signature="verify_newsContent()[pri:1, instance:testCases.TC_004_ThirdNewsTest@645aa696]" started-at="2024-04-02T13:37:59 IST" name="verify_newsContent" finished-at="2024-04-02T13:38:13 IST" duration-ms="14363" status="PASS">
          <reporter-output>
          </reporter-output>
        </test-method> <!-- verify_newsContent -->
        <test-method signature="verify_associateDetailsTest()[pri:2, instance:testCases.TC_004_ThirdNewsTest@645aa696]" started-at="2024-04-02T13:38:13 IST" name="verify_associateDetailsTest" finished-at="2024-04-02T13:38:20 IST" duration-ms="6347" status="PASS">
          <reporter-output>
          </reporter-output>
        </test-method> <!-- verify_associateDetailsTest -->
        <test-method signature="verify_hyperlinkDisplay()[pri:3, instance:testCases.TC_004_ThirdNewsTest@645aa696]" started-at="2024-04-02T13:38:20 IST" name="verify_hyperlinkDisplay" finished-at="2024-04-02T13:38:20 IST" duration-ms="29" status="PASS">
          <reporter-output>
          </reporter-output>
        </test-method> <!-- verify_hyperlinkDisplay -->
        <test-method signature="shareOptionTest()[pri:4, instance:testCases.TC_004_ThirdNewsTest@645aa696]" started-at="2024-04-02T13:38:20 IST" name="shareOptionTest" finished-at="2024-04-02T13:38:20 IST" duration-ms="197" status="PASS">
          <reporter-output>
          </reporter-output>
        </test-method> <!-- shareOptionTest -->
        <test-method signature="verify_likeViewsDisplay()[pri:6, instance:testCases.TC_004_ThirdNewsTest@645aa696]" started-at="2024-04-02T13:38:20 IST" name="verify_likeViewsDisplay" finished-at="2024-04-02T13:38:21 IST" duration-ms="1095" status="PASS">
          <reporter-output>
          </reporter-output>
        </test-method> <!-- verify_likeViewsDisplay -->
        <test-method is-config="true" signature="tearDown()[pri:0, instance:testCases.TC_004_ThirdNewsTest@645aa696]" started-at="2024-04-02T13:38:21 IST" name="tearDown" finished-at="2024-04-02T13:38:24 IST" duration-ms="3145" status="PASS">
          <reporter-output>
          </reporter-output>
        </test-method> <!-- tearDown -->
      </class> <!-- testCases.TC_004_ThirdNewsTest -->
    </test> <!-- Test1 -->
    <test started-at="2024-04-02T13:38:57 IST" name="Test2" finished-at="2024-04-02T13:41:53 IST" duration-ms="176631">
      <class name="testCases.TC_003_SecondNewsTest">
        <test-method is-config="true" signature="setUp(java.lang.String)[pri:0, instance:testCases.TC_003_SecondNewsTest@548a24a]" started-at="2024-04-02T13:39:58 IST" name="setUp" finished-at="2024-04-02T13:40:09 IST" duration-ms="10895" status="PASS">
          <params>
            <param index="0">
              <value>
                <![CDATA[edge]]>
              </value>
            </param>
          </params>
          <reporter-output>
          </reporter-output>
        </test-method> <!-- setUp -->
        <test-method signature="verify_newsContent()[pri:1, instance:testCases.TC_003_SecondNewsTest@548a24a]" started-at="2024-04-02T13:40:09 IST" name="verify_newsContent" finished-at="2024-04-02T13:40:23 IST" duration-ms="14233" status="PASS">
          <reporter-output>
          </reporter-output>
        </test-method> <!-- verify_newsContent -->
        <test-method signature="verify_associateDetailsTest()[pri:2, instance:testCases.TC_003_SecondNewsTest@548a24a]" started-at="2024-04-02T13:40:23 IST" name="verify_associateDetailsTest" finished-at="2024-04-02T13:40:31 IST" duration-ms="8332" status="PASS">
          <reporter-output>
          </reporter-output>
        </test-method> <!-- verify_associateDetailsTest -->
        <test-method signature="verify_hyperlinkDisplay()[pri:3, instance:testCases.TC_003_SecondNewsTest@548a24a]" started-at="2024-04-02T13:40:31 IST" name="verify_hyperlinkDisplay" finished-at="2024-04-02T13:40:31 IST" duration-ms="34" status="PASS">
          <reporter-output>
          </reporter-output>
        </test-method> <!-- verify_hyperlinkDisplay -->
        <test-method signature="shareOptionTest()[pri:4, instance:testCases.TC_003_SecondNewsTest@548a24a]" started-at="2024-04-02T13:40:31 IST" name="shareOptionTest" finished-at="2024-04-02T13:40:31 IST" duration-ms="182" status="PASS">
          <reporter-output>
          </reporter-output>
        </test-method> <!-- shareOptionTest -->
        <test-method signature="verify_likeViewsDisplay()[pri:6, instance:testCases.TC_003_SecondNewsTest@548a24a]" started-at="2024-04-02T13:40:31 IST" name="verify_likeViewsDisplay" finished-at="2024-04-02T13:40:32 IST" duration-ms="1002" status="PASS">
          <reporter-output>
          </reporter-output>
        </test-method> <!-- verify_likeViewsDisplay -->
        <test-method is-config="true" signature="tearDown()[pri:0, instance:testCases.TC_003_SecondNewsTest@548a24a]" started-at="2024-04-02T13:40:32 IST" name="tearDown" finished-at="2024-04-02T13:40:38 IST" duration-ms="5228" status="PASS">
          <reporter-output>
          </reporter-output>
        </test-method> <!-- tearDown -->
      </class> <!-- testCases.TC_003_SecondNewsTest -->
      <class name="testCases.TC_005_FourthNewsTest">
        <test-method is-config="true" signature="setUp(java.lang.String)[pri:0, instance:testCases.TC_005_FourthNewsTest@2a693f59]" started-at="2024-04-02T13:41:16 IST" name="setUp" finished-at="2024-04-02T13:41:27 IST" duration-ms="10665" status="PASS">
          <params>
            <param index="0">
              <value>
                <![CDATA[edge]]>
              </value>
            </param>
          </params>
          <reporter-output>
          </reporter-output>
        </test-method> <!-- setUp -->
        <test-method signature="verify_newsContent()[pri:1, instance:testCases.TC_005_FourthNewsTest@2a693f59]" started-at="2024-04-02T13:41:27 IST" name="verify_newsContent" finished-at="2024-04-02T13:41:41 IST" duration-ms="14460" status="PASS">
          <reporter-output>
          </reporter-output>
        </test-method> <!-- verify_newsContent -->
        <test-method signature="verify_associateDetailsTest()[pri:2, instance:testCases.TC_005_FourthNewsTest@2a693f59]" started-at="2024-04-02T13:41:41 IST" name="verify_associateDetailsTest" finished-at="2024-04-02T13:41:47 IST" duration-ms="6320" status="PASS">
          <reporter-output>
          </reporter-output>
        </test-method> <!-- verify_associateDetailsTest -->
        <test-method signature="verify_hyperlinkDisplay()[pri:3, instance:testCases.TC_005_FourthNewsTest@2a693f59]" started-at="2024-04-02T13:41:47 IST" name="verify_hyperlinkDisplay" finished-at="2024-04-02T13:41:47 IST" duration-ms="28" status="PASS">
          <reporter-output>
          </reporter-output>
        </test-method> <!-- verify_hyperlinkDisplay -->
        <test-method signature="shareOptionTest()[pri:4, instance:testCases.TC_005_FourthNewsTest@2a693f59]" started-at="2024-04-02T13:41:47 IST" name="shareOptionTest" finished-at="2024-04-02T13:41:48 IST" duration-ms="213" status="PASS">
          <reporter-output>
          </reporter-output>
        </test-method> <!-- shareOptionTest -->
        <test-method signature="verify_likeViewsDisplay()[pri:6, instance:testCases.TC_005_FourthNewsTest@2a693f59]" started-at="2024-04-02T13:41:48 IST" name="verify_likeViewsDisplay" finished-at="2024-04-02T13:41:49 IST" duration-ms="1431" status="PASS">
          <reporter-output>
          </reporter-output>
        </test-method> <!-- verify_likeViewsDisplay -->
        <test-method is-config="true" signature="tearDown()[pri:0, instance:testCases.TC_005_FourthNewsTest@2a693f59]" started-at="2024-04-02T13:41:49 IST" name="tearDown" finished-at="2024-04-02T13:41:53 IST" duration-ms="4253" status="PASS">
          <reporter-output>
          </reporter-output>
        </test-method> <!-- tearDown -->
      </class> <!-- testCases.TC_005_FourthNewsTest -->
      <class name="testCases.TC_001_HomepageNewsTest">
        <test-method is-config="true" signature="setUp(java.lang.String)[pri:0, instance:testCases.TC_001_HomepageNewsTest@6f10d5b6]" started-at="2024-04-02T13:38:57 IST" name="setUp" finished-at="2024-04-02T13:39:03 IST" duration-ms="6471" status="PASS">
          <params>
            <param index="0">
              <value>
                <![CDATA[edge]]>
              </value>
            </param>
          </params>
          <reporter-output>
          </reporter-output>
        </test-method> <!-- setUp -->
        <test-method signature="verify_userDetails()[pri:1, instance:testCases.TC_001_HomepageNewsTest@6f10d5b6]" started-at="2024-04-02T13:39:03 IST" name="verify_userDetails" finished-at="2024-04-02T13:39:20 IST" duration-ms="16370" status="PASS">
          <reporter-output>
          </reporter-output>
        </test-method> <!-- verify_userDetails -->
        <test-method signature="verify_newsDisplay()[pri:2, instance:testCases.TC_001_HomepageNewsTest@6f10d5b6]" started-at="2024-04-02T13:39:20 IST" name="verify_newsDisplay" finished-at="2024-04-02T13:39:20 IST" duration-ms="48" status="PASS">
          <reporter-output>
          </reporter-output>
        </test-method> <!-- verify_newsDisplay -->
        <test-method signature="verify_tooltipTest()[pri:3, instance:testCases.TC_001_HomepageNewsTest@6f10d5b6]" started-at="2024-04-02T13:39:20 IST" name="verify_tooltipTest" finished-at="2024-04-02T13:39:20 IST" duration-ms="269" status="PASS">
          <reporter-output>
          </reporter-output>
        </test-method> <!-- verify_tooltipTest -->
        <test-method is-config="true" signature="tearDown()[pri:0, instance:testCases.TC_001_HomepageNewsTest@6f10d5b6]" started-at="2024-04-02T13:39:20 IST" name="tearDown" finished-at="2024-04-02T13:39:24 IST" duration-ms="3899" status="PASS">
          <reporter-output>
          </reporter-output>
        </test-method> <!-- tearDown -->
      </class> <!-- testCases.TC_001_HomepageNewsTest -->
      <class name="testCases.TC_002_FirstNewsTest">
        <test-method is-config="true" signature="setUp(java.lang.String)[pri:0, instance:testCases.TC_002_FirstNewsTest@1040be71]" started-at="2024-04-02T13:39:24 IST" name="setUp" finished-at="2024-04-02T13:39:30 IST" duration-ms="6283" status="PASS">
          <params>
            <param index="0">
              <value>
                <![CDATA[edge]]>
              </value>
            </param>
          </params>
          <reporter-output>
          </reporter-output>
        </test-method> <!-- setUp -->
        <test-method signature="verify_newsContent()[pri:1, instance:testCases.TC_002_FirstNewsTest@1040be71]" started-at="2024-04-02T13:39:30 IST" name="verify_newsContent" finished-at="2024-04-02T13:39:45 IST" duration-ms="15376" status="PASS">
          <reporter-output>
          </reporter-output>
        </test-method> <!-- verify_newsContent -->
        <test-method signature="verify_associateDetailsTest()[pri:2, instance:testCases.TC_002_FirstNewsTest@1040be71]" started-at="2024-04-02T13:39:45 IST" name="verify_associateDetailsTest" finished-at="2024-04-02T13:39:52 IST" duration-ms="6367" status="PASS">
          <reporter-output>
          </reporter-output>
        </test-method> <!-- verify_associateDetailsTest -->
        <test-method signature="verify_hyperlinkDisplay()[pri:3, instance:testCases.TC_002_FirstNewsTest@1040be71]" started-at="2024-04-02T13:39:52 IST" name="verify_hyperlinkDisplay" finished-at="2024-04-02T13:39:52 IST" duration-ms="16" status="PASS">
          <reporter-output>
          </reporter-output>
        </test-method> <!-- verify_hyperlinkDisplay -->
        <test-method signature="shareOptionTest()[pri:4, instance:testCases.TC_002_FirstNewsTest@1040be71]" started-at="2024-04-02T13:39:52 IST" name="shareOptionTest" finished-at="2024-04-02T13:39:52 IST" duration-ms="228" status="PASS">
          <reporter-output>
          </reporter-output>
        </test-method> <!-- shareOptionTest -->
        <test-method signature="verify_likeViewsDisplay()[pri:5, instance:testCases.TC_002_FirstNewsTest@1040be71]" started-at="2024-04-02T13:39:52 IST" name="verify_likeViewsDisplay" finished-at="2024-04-02T13:39:53 IST" duration-ms="1398" status="PASS">
          <reporter-output>
          </reporter-output>
        </test-method> <!-- verify_likeViewsDisplay -->
        <test-method is-config="true" signature="tearDown()[pri:0, instance:testCases.TC_002_FirstNewsTest@1040be71]" started-at="2024-04-02T13:39:53 IST" name="tearDown" finished-at="2024-04-02T13:39:58 IST" duration-ms="4236" status="PASS">
          <reporter-output>
          </reporter-output>
        </test-method> <!-- tearDown -->
      </class> <!-- testCases.TC_002_FirstNewsTest -->
      <class name="testCases.TC_004_ThirdNewsTest">
        <test-method is-config="true" signature="setUp(java.lang.String)[pri:0, instance:testCases.TC_004_ThirdNewsTest@433defed]" started-at="2024-04-02T13:40:38 IST" name="setUp" finished-at="2024-04-02T13:40:49 IST" duration-ms="11322" status="PASS">
          <params>
            <param index="0">
              <value>
                <![CDATA[edge]]>
              </value>
            </param>
          </params>
          <reporter-output>
          </reporter-output>
        </test-method> <!-- setUp -->
        <test-method signature="verify_newsContent()[pri:1, instance:testCases.TC_004_ThirdNewsTest@433defed]" started-at="2024-04-02T13:40:49 IST" name="verify_newsContent" finished-at="2024-04-02T13:41:03 IST" duration-ms="14347" status="PASS">
          <reporter-output>
          </reporter-output>
        </test-method> <!-- verify_newsContent -->
        <test-method signature="verify_associateDetailsTest()[pri:2, instance:testCases.TC_004_ThirdNewsTest@433defed]" started-at="2024-04-02T13:41:03 IST" name="verify_associateDetailsTest" finished-at="2024-04-02T13:41:10 IST" duration-ms="6395" status="PASS">
          <reporter-output>
          </reporter-output>
        </test-method> <!-- verify_associateDetailsTest -->
        <test-method signature="verify_hyperlinkDisplay()[pri:3, instance:testCases.TC_004_ThirdNewsTest@433defed]" started-at="2024-04-02T13:41:10 IST" name="verify_hyperlinkDisplay" finished-at="2024-04-02T13:41:10 IST" duration-ms="53" status="PASS">
          <reporter-output>
          </reporter-output>
        </test-method> <!-- verify_hyperlinkDisplay -->
        <test-method signature="shareOptionTest()[pri:4, instance:testCases.TC_004_ThirdNewsTest@433defed]" started-at="2024-04-02T13:41:10 IST" name="shareOptionTest" finished-at="2024-04-02T13:41:10 IST" duration-ms="426" status="PASS">
          <reporter-output>
          </reporter-output>
        </test-method> <!-- shareOptionTest -->
        <test-method signature="verify_likeViewsDisplay()[pri:6, instance:testCases.TC_004_ThirdNewsTest@433defed]" started-at="2024-04-02T13:41:10 IST" name="verify_likeViewsDisplay" finished-at="2024-04-02T13:41:11 IST" duration-ms="1222" status="PASS">
          <reporter-output>
          </reporter-output>
        </test-method> <!-- verify_likeViewsDisplay -->
        <test-method is-config="true" signature="tearDown()[pri:0, instance:testCases.TC_004_ThirdNewsTest@433defed]" started-at="2024-04-02T13:41:11 IST" name="tearDown" finished-at="2024-04-02T13:41:16 IST" duration-ms="4583" status="PASS">
          <reporter-output>
          </reporter-output>
        </test-method> <!-- tearDown -->
      </class> <!-- testCases.TC_004_ThirdNewsTest -->
    </test> <!-- Test2 -->
  </suite> <!-- Suite -->
</testng-results>
